<?xml version="1.0" encoding="UTF-8"?>
<testng-results skipped="0" failed="0" total="1" passed="1">
  <reporter-output>
  </reporter-output>
  <suite name="Surefire suite" duration-ms="7538" started-at="2016-11-01T15:49:36Z" finished-at="2016-11-01T15:49:43Z">
    <groups>
    </groups>
    <test name="Surefire test" duration-ms="7538" started-at="2016-11-01T15:49:36Z" finished-at="2016-11-01T15:49:43Z">
      <class name="com.kaviddiss.bootquartz.ApplicationTest">
        <test-method status="PASS" signature="springTestContextBeforeTestClass()[pri:0, instance:com.kaviddiss.bootquartz.ApplicationTest@43a0cee9]" name="springTestContextBeforeTestClass" is-config="true" duration-ms="5" started-at="2016-11-01T21:19:36Z" finished-at="2016-11-01T21:19:36Z">
          <reporter-output>
          </reporter-output>
        </test-method> <!-- springTestContextBeforeTestClass -->
        <test-method status="PASS" signature="springTestContextPrepareTestInstance()[pri:0, instance:com.kaviddiss.bootquartz.ApplicationTest@43a0cee9]" name="springTestContextPrepareTestInstance" is-config="true" duration-ms="2502" started-at="2016-11-01T21:19:36Z" depends-on-methods="org.springframework.test.context.testng.AbstractTestNGSpringContextTests.springTestContextBeforeTestClass" finished-at="2016-11-01T21:19:38Z">
          <reporter-output>
          </reporter-output>
        </test-method> <!-- springTestContextPrepareTestInstance -->
        <test-method status="PASS" signature="springTestContextBeforeTestMethod(java.lang.reflect.Method)[pri:0, instance:com.kaviddiss.bootquartz.ApplicationTest@43a0cee9]" name="springTestContextBeforeTestMethod" is-config="true" duration-ms="9" started-at="2016-11-01T21:19:38Z" finished-at="2016-11-01T21:19:38Z">
          <params>
            <param index="0">
              <value>
                <![CDATA[public void com.kaviddiss.bootquartz.ApplicationTest.test() throws java.lang.Exception]]>
              </value>
            </param>
          </params>
          <reporter-output>
          </reporter-output>
        </test-method> <!-- springTestContextBeforeTestMethod -->
        <test-method status="PASS" signature="test()[pri:0, instance:com.kaviddiss.bootquartz.ApplicationTest@43a0cee9]" name="test" duration-ms="5008" started-at="2016-11-01T21:19:38Z" finished-at="2016-11-01T21:19:43Z">
          <reporter-output>
          </reporter-output>
        </test-method> <!-- test -->
        <test-method status="PASS" signature="springTestContextAfterTestMethod(java.lang.reflect.Method)[pri:0, instance:com.kaviddiss.bootquartz.ApplicationTest@43a0cee9]" name="springTestContextAfterTestMethod" is-config="true" duration-ms="7" started-at="2016-11-01T21:19:43Z" finished-at="2016-11-01T21:19:43Z">
          <params>
            <param index="0">
              <value>
                <![CDATA[public void com.kaviddiss.bootquartz.ApplicationTest.test() throws java.lang.Exception]]>
              </value>
            </param>
          </params>
          <reporter-output>
          </reporter-output>
        </test-method> <!-- springTestContextAfterTestMethod -->
        <test-method status="PASS" signature="springTestContextAfterTestClass()[pri:0, instance:com.kaviddiss.bootquartz.ApplicationTest@43a0cee9]" name="springTestContextAfterTestClass" is-config="true" duration-ms="0" started-at="2016-11-01T21:19:43Z" finished-at="2016-11-01T21:19:43Z">
          <reporter-output>
          </reporter-output>
        </test-method> <!-- springTestContextAfterTestClass -->
      </class> <!-- com.kaviddiss.bootquartz.ApplicationTest -->
    </test> <!-- Surefire test -->
  </suite> <!-- Surefire suite -->
</testng-results>
